mod	trans_guid	split_guid	time_now	date_entered	date_posted	acc_guid	acc_name	num	description	notes	memo	action	reconciled	amount	value	date_reconciled
-----------------
===== START
===== END
===== START
C	7fc4599323d5b358abbaa6248f032cd6	5f5c56287be105e011b7324d17005ba2	2013-08-09 12:58:29.000000 +0800	2013-08-09 12:58:29.000000 +0800	2013-08-09 00:00:00.000000 +0800	7fd7d21f7cfeaa13adf10b4073ed655d	Cash		hackath2n food				n	920000/100	920000/100	1970-01-01 08:00:00.000000 +0800
C	7fc4599323d5b358abbaa6248f032cd6	95e83cb61647676143d5d61af139745b	2013-08-09 12:58:29.000000 +0800	2013-08-09 12:58:29.000000 +0800	2013-08-09 00:00:00.000000 +0800	05781e1e286b8d82bfc64c976e9aa6cb	Dining		hackath2n food				n	-920000/100	-920000/100	1970-01-01 08:00:00.000000 +0800
===== END
===== START
===== END
===== START
C	c1bd4ad21f32ea116eef5b97cfe1ad8d	890ffcd2c8d30a0ee1995fb5f5c96d54	2013-08-09 12:58:50.000000 +0800	2013-08-09 12:58:50.000000 +0800	2013-08-09 00:00:00.000000 +0800	7fd7d21f7cfeaa13adf10b4073ed655d	Cash						n	0/100	0/100	1970-01-01 08:00:00.000000 +0800
===== END
===== START
===== END
===== START
B	c1bd4ad21f32ea116eef5b97cfe1ad8d	890ffcd2c8d30a0ee1995fb5f5c96d54	2013-08-09 12:59:03.000000 +0800	2013-08-09 12:58:50.000000 +0800	2013-08-09 00:00:00.000000 +0800	7fd7d21f7cfeaa13adf10b4073ed655d	Cash						n	0/100	0/100	1970-01-01 08:00:00.000000 +0800
===== END
===== START
C	c1bd4ad21f32ea116eef5b97cfe1ad8d	890ffcd2c8d30a0ee1995fb5f5c96d54	2013-08-09 12:59:03.000000 +0800	2013-08-09 12:58:50.000000 +0800	2013-03-23 00:00:00.000000 +0800	7fd7d21f7cfeaa13adf10b4073ed655d	Cash						n	0/100	0/100	1970-01-01 08:00:00.000000 +0800
===== END
===== START
B	7fc4599323d5b358abbaa6248f032cd6	5f5c56287be105e011b7324d17005ba2	2013-08-09 12:59:14.000000 +0800	2013-08-09 12:58:29.000000 +0800	2013-08-09 00:00:00.000000 +0800	7fd7d21f7cfeaa13adf10b4073ed655d	Cash		hackath2n food				n	920000/100	920000/100	1970-01-01 08:00:00.000000 +0800
B	7fc4599323d5b358abbaa6248f032cd6	95e83cb61647676143d5d61af139745b	2013-08-09 12:59:14.000000 +0800	2013-08-09 12:58:29.000000 +0800	2013-08-09 00:00:00.000000 +0800	05781e1e286b8d82bfc64c976e9aa6cb	Dining		hackath2n food				n	-920000/100	-920000/100	1970-01-01 08:00:00.000000 +0800
===== END
===== START
C	7fc4599323d5b358abbaa6248f032cd6	5f5c56287be105e011b7324d17005ba2	2013-08-09 12:59:14.000000 +0800	2013-08-09 12:58:29.000000 +0800	2013-03-23 00:00:00.000000 +0800	7fd7d21f7cfeaa13adf10b4073ed655d	Cash		hackath2n food				n	920000/100	920000/100	1970-01-01 08:00:00.000000 +0800
C	7fc4599323d5b358abbaa6248f032cd6	95e83cb61647676143d5d61af139745b	2013-08-09 12:59:14.000000 +0800	2013-08-09 12:58:29.000000 +0800	2013-03-23 00:00:00.000000 +0800	05781e1e286b8d82bfc64c976e9aa6cb	Dining		hackath2n food				n	-920000/100	-920000/100	1970-01-01 08:00:00.000000 +0800
===== END
===== START
B	c1bd4ad21f32ea116eef5b97cfe1ad8d	890ffcd2c8d30a0ee1995fb5f5c96d54	2013-08-09 12:59:24.000000 +0800	2013-08-09 12:58:50.000000 +0800	2013-03-23 00:00:00.000000 +0800	7fd7d21f7cfeaa13adf10b4073ed655d	Cash						n	0/100	0/100	1970-01-01 08:00:00.000000 +0800
===== END
===== START
D	c1bd4ad21f32ea116eef5b97cfe1ad8d	890ffcd2c8d30a0ee1995fb5f5c96d54	2013-08-09 12:59:24.000000 +0800	2013-08-09 12:58:50.000000 +0800	2013-03-23 00:00:00.000000 +0800	7fd7d21f7cfeaa13adf10b4073ed655d	Cash						n	0/100	0/100	1970-01-01 08:00:00.000000 +0800
===== END
===== START
B	7fc4599323d5b358abbaa6248f032cd6	5f5c56287be105e011b7324d17005ba2	2013-08-09 12:59:28.000000 +0800	2013-08-09 12:58:29.000000 +0800	2013-03-23 00:00:00.000000 +0800	7fd7d21f7cfeaa13adf10b4073ed655d	Cash		hackath2n food				n	920000/100	920000/100	1970-01-01 08:00:00.000000 +0800
B	7fc4599323d5b358abbaa6248f032cd6	95e83cb61647676143d5d61af139745b	2013-08-09 12:59:28.000000 +0800	2013-08-09 12:58:29.000000 +0800	2013-03-23 00:00:00.000000 +0800	05781e1e286b8d82bfc64c976e9aa6cb	Dining		hackath2n food				n	-920000/100	-920000/100	1970-01-01 08:00:00.000000 +0800
===== END
===== START
C	7fc4599323d5b358abbaa6248f032cd6	5f5c56287be105e011b7324d17005ba2	2013-08-09 12:59:28.000000 +0800	2013-08-09 12:58:29.000000 +0800	2013-03-23 00:00:00.000000 +0800	7fd7d21f7cfeaa13adf10b4073ed655d	Cash		hackath2n food				n	-920000/100	-920000/100	1970-01-01 08:00:00.000000 +0800
C	7fc4599323d5b358abbaa6248f032cd6	95e83cb61647676143d5d61af139745b	2013-08-09 12:59:28.000000 +0800	2013-08-09 12:58:29.000000 +0800	2013-03-23 00:00:00.000000 +0800	05781e1e286b8d82bfc64c976e9aa6cb	Dining		hackath2n food				n	920000/100	920000/100	1970-01-01 08:00:00.000000 +0800
===== END
===== START
C	0fd81051b56a8ecf3ef66ad748b619fb	8b499dd85db41b8239f5c244249661a6	2013-08-09 13:00:13.000000 +0800	2013-08-09 13:00:13.000000 +0800	2013-03-16 00:00:00.000000 +0800	7fd7d21f7cfeaa13adf10b4073ed655d	Cash		clkao gss talk				n	400000/100	400000/100	1970-01-01 08:00:00.000000 +0800
C	0fd81051b56a8ecf3ef66ad748b619fb	ac64bc8c769e42893d2adbdbfa1a707c	2013-08-09 13:00:13.000000 +0800	2013-08-09 13:00:13.000000 +0800	2013-03-16 00:00:00.000000 +0800	7580693d8fadfcae00139ece453f2fb5	Donation		clkao gss talk				n	-400000/100	-400000/100	1970-01-01 08:00:00.000000 +0800
===== END
===== START
===== END
===== START
C	40ed7778782cd65cc05a9b438dc97719	0d2f0fccaf2609929ab8fde878658c78	2013-08-09 13:00:55.000000 +0800	2013-08-09 13:00:55.000000 +0800	2013-01-27 00:00:00.000000 +0800	7fd7d21f7cfeaa13adf10b4073ed655d	Cash		hackath1n donation				n	509900/100	509900/100	1970-01-01 08:00:00.000000 +0800
C	40ed7778782cd65cc05a9b438dc97719	4e7c2763a94bfba1d3be2e2fd3444fe3	2013-08-09 13:00:55.000000 +0800	2013-08-09 13:00:55.000000 +0800	2013-01-27 00:00:00.000000 +0800	7580693d8fadfcae00139ece453f2fb5	Donation		hackath1n donation				n	-509900/100	-509900/100	1970-01-01 08:00:00.000000 +0800
===== END
===== START
===== END
===== START
===== END
===== START
D	e60c7a679b086a3bf3c4cae077894c26	d0b6a7c07c097a0dcd15db6d20476739	2013-08-09 13:04:51.000000 +0800	2013-08-09 13:04:51.000000 +0800	2013-08-09 00:00:00.000000 +0800								n	0/1	0/100	1970-01-01 08:00:00.000000 +0800
===== END
===== START
===== END
===== START
C	0fcc3994fac8ee72947228be0dc69f08	9fa13ed961d751c560881854c818a011	2013-08-09 13:05:23.000000 +0800	2013-08-09 13:05:23.000000 +0800	2013-08-09 00:00:00.000000 +0800	48d990bcd6c5278506a44b638adc594d	GOSCUP		hackath4n donation				n	1600000/100	1600000/100	1970-01-01 08:00:00.000000 +0800
C	0fcc3994fac8ee72947228be0dc69f08	59bb0d785d74f3c7abd965dcc9867485	2013-08-09 13:05:23.000000 +0800	2013-08-09 13:05:23.000000 +0800	2013-08-09 00:00:00.000000 +0800	7580693d8fadfcae00139ece453f2fb5	Donation		hackath4n donation				n	-1600000/100	-1600000/100	1970-01-01 08:00:00.000000 +0800
===== END
===== START
===== END
===== START
C	d8b074a2d50f94eab761713bd167d973	8ca804477e7595ff228d60064ab7672b	2013-08-09 13:05:50.000000 +0800	2013-08-09 13:05:50.000000 +0800	2013-01-27 00:00:00.000000 +0800	7fd7d21f7cfeaa13adf10b4073ed655d	Cash		hackath0n food				n	-1907000/100	-1907000/100	1970-01-01 08:00:00.000000 +0800
C	d8b074a2d50f94eab761713bd167d973	b55e9210bbc4db660999f7bc2387426e	2013-08-09 13:05:50.000000 +0800	2013-08-09 13:05:50.000000 +0800	2013-01-27 00:00:00.000000 +0800	05781e1e286b8d82bfc64c976e9aa6cb	Dining		hackath0n food				n	1907000/100	1907000/100	1970-01-01 08:00:00.000000 +0800
===== END
===== START
===== END
===== START
C	c52202af8ecd22ebd81d3ede3a4c6d15	56b8e2afc4edbd9b8f2b12f2358bc703	2013-08-09 13:06:14.000000 +0800	2013-08-09 13:06:14.000000 +0800	2013-01-27 00:00:00.000000 +0800	05781e1e286b8d82bfc64c976e9aa6cb	Dining		hackath1n food				n	1342000/100	1342000/100	1970-01-01 08:00:00.000000 +0800
C	c52202af8ecd22ebd81d3ede3a4c6d15	23da09c8b402dab7b8c5d2f4bb89834e	2013-08-09 13:06:14.000000 +0800	2013-08-09 13:06:14.000000 +0800	2013-01-27 00:00:00.000000 +0800	7fd7d21f7cfeaa13adf10b4073ed655d	Cash		hackath1n food				n	-1342000/100	-1342000/100	1970-01-01 08:00:00.000000 +0800
===== END
===== START
===== END
===== START
B	d8b074a2d50f94eab761713bd167d973	b55e9210bbc4db660999f7bc2387426e	2013-08-09 13:08:20.000000 +0800	2013-08-09 13:05:50.000000 +0800	2013-01-27 00:00:00.000000 +0800	05781e1e286b8d82bfc64c976e9aa6cb	Dining		hackath0n food				n	1907000/100	1907000/100	1970-01-01 08:00:00.000000 +0800
B	d8b074a2d50f94eab761713bd167d973	8ca804477e7595ff228d60064ab7672b	2013-08-09 13:08:20.000000 +0800	2013-08-09 13:05:50.000000 +0800	2013-01-27 00:00:00.000000 +0800	7fd7d21f7cfeaa13adf10b4073ed655d	Cash		hackath0n food				n	-1907000/100	-1907000/100	1970-01-01 08:00:00.000000 +0800
===== END
===== START
C	d8b074a2d50f94eab761713bd167d973	b55e9210bbc4db660999f7bc2387426e	2013-08-09 13:08:20.000000 +0800	2013-08-09 13:05:50.000000 +0800	2012-12-01 00:00:00.000000 +0800	05781e1e286b8d82bfc64c976e9aa6cb	Dining		hackath0n food				n	1907000/100	1907000/100	1970-01-01 08:00:00.000000 +0800
C	d8b074a2d50f94eab761713bd167d973	8ca804477e7595ff228d60064ab7672b	2013-08-09 13:08:20.000000 +0800	2013-08-09 13:05:50.000000 +0800	2012-12-01 00:00:00.000000 +0800	7fd7d21f7cfeaa13adf10b4073ed655d	Cash		hackath0n food				n	-1907000/100	-1907000/100	1970-01-01 08:00:00.000000 +0800
===== END
===== START
B	7fc4599323d5b358abbaa6248f032cd6	95e83cb61647676143d5d61af139745b	2013-08-09 13:13:22.000000 +0800	2013-08-09 12:58:29.000000 +0800	2013-03-23 00:00:00.000000 +0800	05781e1e286b8d82bfc64c976e9aa6cb	Dining		hackath2n food				n	920000/100	920000/100	1970-01-01 08:00:00.000000 +0800
B	7fc4599323d5b358abbaa6248f032cd6	5f5c56287be105e011b7324d17005ba2	2013-08-09 13:13:22.000000 +0800	2013-08-09 12:58:29.000000 +0800	2013-03-23 00:00:00.000000 +0800	7fd7d21f7cfeaa13adf10b4073ed655d	Cash		hackath2n food				n	-920000/100	-920000/100	1970-01-01 08:00:00.000000 +0800
===== END
===== START
C	7fc4599323d5b358abbaa6248f032cd6	95e83cb61647676143d5d61af139745b	2013-08-09 13:13:22.000000 +0800	2013-08-09 12:58:29.000000 +0800	2013-03-23 00:00:00.000000 +0800	05781e1e286b8d82bfc64c976e9aa6cb	Dining		hackath2n food				n	1235000/100	1235000/100	1970-01-01 08:00:00.000000 +0800
C	7fc4599323d5b358abbaa6248f032cd6	5f5c56287be105e011b7324d17005ba2	2013-08-09 13:13:22.000000 +0800	2013-08-09 12:58:29.000000 +0800	2013-03-23 00:00:00.000000 +0800	7fd7d21f7cfeaa13adf10b4073ed655d	Cash		hackath2n food				n	-1235000/100	-1235000/100	1970-01-01 08:00:00.000000 +0800
===== END
===== START
C	bd58bfc23250ec647e6e8a0f437a0a22	a4de10262703077e7a31294d4d0d740e	2013-08-09 13:14:16.000000 +0800	2013-08-09 13:14:16.000000 +0800	2012-10-30 00:00:00.000000 +0800	7fd7d21f7cfeaa13adf10b4073ed655d	Cash		yahoo open hackday prize				n	4000000/100	4000000/100	1970-01-01 08:00:00.000000 +0800
C	bd58bfc23250ec647e6e8a0f437a0a22	0615b8c91937b968f9adb7bc476cfd92	2013-08-09 13:14:16.000000 +0800	2013-08-09 13:14:16.000000 +0800	2012-10-30 00:00:00.000000 +0800	7580693d8fadfcae00139ece453f2fb5	Donation		yahoo open hackday prize				n	-4000000/100	-4000000/100	1970-01-01 08:00:00.000000 +0800
===== END
===== START
===== END
===== START
B	bd58bfc23250ec647e6e8a0f437a0a22	a4de10262703077e7a31294d4d0d740e	2013-08-09 13:18:25.000000 +0800	2013-08-09 13:14:16.000000 +0800	2012-10-30 00:00:00.000000 +0800	7fd7d21f7cfeaa13adf10b4073ed655d	Cash		yahoo open hackday prize				n	4000000/100	4000000/100	1970-01-01 08:00:00.000000 +0800
B	bd58bfc23250ec647e6e8a0f437a0a22	0615b8c91937b968f9adb7bc476cfd92	2013-08-09 13:18:25.000000 +0800	2013-08-09 13:14:16.000000 +0800	2012-10-30 00:00:00.000000 +0800	7580693d8fadfcae00139ece453f2fb5	Donation		yahoo open hackday prize				n	-4000000/100	-4000000/100	1970-01-01 08:00:00.000000 +0800
===== END
===== START
C	bd58bfc23250ec647e6e8a0f437a0a22	a4de10262703077e7a31294d4d0d740e	2013-08-09 13:18:25.000000 +0800	2013-08-09 13:14:16.000000 +0800	2012-10-30 00:00:00.000000 +0800	7fd7d21f7cfeaa13adf10b4073ed655d	Cash		yahoo open hackday prize				n	3189900/100	3189900/100	1970-01-01 08:00:00.000000 +0800
C	bd58bfc23250ec647e6e8a0f437a0a22	0615b8c91937b968f9adb7bc476cfd92	2013-08-09 13:18:25.000000 +0800	2013-08-09 13:14:16.000000 +0800	2012-10-30 00:00:00.000000 +0800	7580693d8fadfcae00139ece453f2fb5	Donation		yahoo open hackday prize				n	-3189900/100	-3189900/100	1970-01-01 08:00:00.000000 +0800
===== END
===== START
C	ff4f79034ba72deedcc9f2c6f60f1bb9	8e6b5debafe5ba0e3c012ab25ee89781	2013-08-09 13:44:10.000000 +0800	2013-08-09 13:44:10.000000 +0800	2013-08-09 00:00:00.000000 +0800	48d990bcd6c5278506a44b638adc594d	GOSCUP		hackath4n registrano fee				n	-79500/100	-79500/100	1970-01-01 08:00:00.000000 +0800
C	ff4f79034ba72deedcc9f2c6f60f1bb9	a8bd3e75bebf064bec09d7016e937b65	2013-08-09 13:44:10.000000 +0800	2013-08-09 13:44:10.000000 +0800	2013-08-09 00:00:00.000000 +0800	20963a41f19822389af2d290912881d1	Online Services		hackath4n registrano fee				n	79500/100	79500/100	1970-01-01 08:00:00.000000 +0800
===== END
===== START
===== END
===== START
C	a6f1940f9aa27182a17b61150897678d	681d970a3bc3fc39832918ec0b157418	2013-08-09 13:45:30.000000 +0800	2013-08-09 13:45:30.000000 +0800	2013-08-09 00:00:00.000000 +0800	48d990bcd6c5278506a44b638adc594d	GOSCUP		hackath4n goscup fee				n	-121640/100	-121640/100	1970-01-01 08:00:00.000000 +0800
C	a6f1940f9aa27182a17b61150897678d	d79fcb9959c87d1c0f04ede67af0d09c	2013-08-09 13:45:30.000000 +0800	2013-08-09 13:45:30.000000 +0800	2013-08-09 00:00:00.000000 +0800	e5516eef6bee16d299095535d438a57f	Professional Fees		hackath4n goscup fee				n	121640/100	121640/100	1970-01-01 08:00:00.000000 +0800
===== END
===== START
===== END
===== START
B	a6f1940f9aa27182a17b61150897678d	d79fcb9959c87d1c0f04ede67af0d09c	2013-08-09 13:45:37.000000 +0800	2013-08-09 13:45:30.000000 +0800	2013-08-09 00:00:00.000000 +0800	e5516eef6bee16d299095535d438a57f	Professional Fees		hackath4n goscup fee				n	121640/100	121640/100	1970-01-01 08:00:00.000000 +0800
B	a6f1940f9aa27182a17b61150897678d	681d970a3bc3fc39832918ec0b157418	2013-08-09 13:45:37.000000 +0800	2013-08-09 13:45:30.000000 +0800	2013-08-09 00:00:00.000000 +0800	48d990bcd6c5278506a44b638adc594d	GOSCUP		hackath4n goscup fee				n	-121640/100	-121640/100	1970-01-01 08:00:00.000000 +0800
===== END
===== START
C	a6f1940f9aa27182a17b61150897678d	d79fcb9959c87d1c0f04ede67af0d09c	2013-08-09 13:45:37.000000 +0800	2013-08-09 13:45:30.000000 +0800	2013-08-09 00:00:00.000000 +0800	e5516eef6bee16d299095535d438a57f	Professional Fees		hackath4n goscup fee				n	121600/100	121600/100	1970-01-01 08:00:00.000000 +0800
C	a6f1940f9aa27182a17b61150897678d	681d970a3bc3fc39832918ec0b157418	2013-08-09 13:45:37.000000 +0800	2013-08-09 13:45:30.000000 +0800	2013-08-09 00:00:00.000000 +0800	48d990bcd6c5278506a44b638adc594d	GOSCUP		hackath4n goscup fee				n	-121600/100	-121600/100	1970-01-01 08:00:00.000000 +0800
===== END
===== START
D	84bc1ad712f69de4bfe93c9160d4ab05	52eedb9e8fad6f848cfb5f432ab3a8d0	2013-08-09 21:31:18.000000 +0800	2013-08-09 21:31:18.000000 +0800	2012-10-30 00:00:00.000000 +0800								n	0/1	0/100	1970-01-01 08:00:00.000000 +0800
===== END
===== START
D	b61ad51ee315281f6498568c11bc7cf8	af05c5ec7470d38b134d14f4fcd36b8a	2013-08-09 21:31:18.000000 +0800	2013-08-09 21:31:18.000000 +0800	2013-08-09 00:00:00.000000 +0800								n	0/1	0/100	1970-01-01 08:00:00.000000 +0800
===== END
