mod	trans_guid	split_guid	time_now	date_entered	date_posted	acc_guid	acc_name	num	description	notes	memo	action	reconciled	amount	value	date_reconciled
-----------------
===== START
===== END
===== START
===== END
===== START
C	b6fa62607c25c7818fbd4e8b173267da	75a6fac148fd60a1f808bb3d0a1ef705	2013-08-09 21:39:22.000000 +0800	2013-08-09 21:39:22.000000 +0800	2013-08-10 00:00:00.000000 +0800	7fd7d21f7cfeaa13adf10b4073ed655d	Cash		hackath4n food				n	-2337500/100	-2337500/100	1970-01-01 08:00:00.000000 +0800
C	b6fa62607c25c7818fbd4e8b173267da	9d778bab684132c2dd62749d2c03ded1	2013-08-09 21:39:22.000000 +0800	2013-08-09 21:39:22.000000 +0800	2013-08-10 00:00:00.000000 +0800	05781e1e286b8d82bfc64c976e9aa6cb	Dining		hackath4n food				n	2337500/100	2337500/100	1970-01-01 08:00:00.000000 +0800
===== END
===== START
===== END
===== START
C	055935e4227e374870ce42a54c9c6bfc	0dd79048457109d592f5c699f73e2903	2013-08-09 21:39:38.000000 +0800	2013-08-09 21:39:38.000000 +0800	2013-08-10 00:00:00.000000 +0800	7fd7d21f7cfeaa13adf10b4073ed655d	Cash		nccu sponsorship				n	600000/100	600000/100	1970-01-01 08:00:00.000000 +0800
C	055935e4227e374870ce42a54c9c6bfc	c1d381a2a6323839494dc73d2347f719	2013-08-09 21:39:38.000000 +0800	2013-08-09 21:39:38.000000 +0800	2013-08-10 00:00:00.000000 +0800	7580693d8fadfcae00139ece453f2fb5	Donation		nccu sponsorship				n	-600000/100	-600000/100	1970-01-01 08:00:00.000000 +0800
===== END
===== START
===== END
===== START
D	d668d27b01fef9f1b56b4cbfb89cb667	29a5429e9c36fc04979577a0e8917d16	2013-08-09 21:43:39.000000 +0800	2013-08-09 21:43:39.000000 +0800	2013-08-09 00:00:00.000000 +0800								n	0/1	0/100	1970-01-01 08:00:00.000000 +0800
===== END
===== START
D	ca992fb1c8feccc34b12fe1bf866110d	0cd7c8fa6919de0c17c59803f07e18ff	2013-08-09 21:43:39.000000 +0800	2013-08-09 21:43:39.000000 +0800	2013-08-10 00:00:00.000000 +0800								n	0/1	0/100	1970-01-01 08:00:00.000000 +0800
===== END
